<?xml version="1.0" encoding="UTF-8"?>
<!-- Generated by org.testng.reporters.JUnitXMLReporter -->
<testsuite hostname="SUBHODEEP-PC" ignored="0" name="LoginTest" tests="2" failures="1" timestamp="09 Sep 2018 07:09:22 GMT" time="38.211" errors="0">
  <testcase name="invalidLoginTest_InvalidUserNameInvalidPassword" time="16.039" classname="tests.LoginTests"/>
  <testcase name="invalidLoginTest_EmptyUserEmptyPassword" time="7.02" classname="tests.LoginTests">
    <failure type="java.lang.AssertionError" message="expected [WRONG MESSAGE FOR FAILURE!] but found [Bu alanın doldurulması zorunludur.]">
      <![CDATA[java.lang.AssertionError: expected [WRONG MESSAGE FOR FAILURE!] but found [Bu alanın doldurulması zorunludur.]
at pages.LoginPage.verifyLoginPassword(LoginPage.java:39)
at tests.LoginTests.invalidLoginTest_EmptyUserEmptyPassword(LoginTests.java:51)
... Removed 31 stack frames]]>
    </failure>
  </testcase> <!-- invalidLoginTest_EmptyUserEmptyPassword -->
</testsuite> <!-- LoginTest -->
